[[ 9.44100000e+00 -9.50000000e-01  1.00680000e+01 -9.40452261e-01
   1.07950000e+01 -9.30904523e-01  1.19940000e+01 -9.21356784e-01
   1.35750000e+01 -9.11809045e-01  1.47390000e+01 -9.02261307e-01
   1.60390000e+01 -8.92713568e-01  1.73070000e+01 -8.83165829e-01
   1.85110000e+01 -8.73618090e-01  1.96650000e+01 -8.64070352e-01
   2.15460000e+01 -8.54522613e-01  2.35110000e+01 -8.44974874e-01
   2.62290000e+01 -8.35427136e-01  2.83150000e+01 -8.25879397e-01
   2.99240000e+01 -8.16331658e-01  3.19890000e+01 -8.06783920e-01
   3.39100000e+01 -7.97236181e-01  3.60260000e+01 -7.87688442e-01
   3.93210000e+01 -7.78140704e-01  4.23910000e+01 -7.68592965e-01
   4.58340000e+01 -7.59045226e-01  4.95520000e+01 -7.49497487e-01
   5.33190000e+01 -7.39949749e-01  5.70230000e+01 -7.30402010e-01
   6.07130000e+01 -7.20854271e-01  6.46140000e+01 -7.11306533e-01
   6.88180000e+01 -7.01758794e-01  7.34230000e+01 -6.92211055e-01
   7.89570000e+01 -6.82663317e-01  8.41320000e+01 -6.73115578e-01
   8.94930000e+01 -6.63567839e-01  9.64640000e+01 -6.54020101e-01
   1.03721000e+02 -6.44472362e-01  1.10643000e+02 -6.34924623e-01
   1.17908000e+02 -6.25376884e-01  1.21262000e+02 -6.15829146e-01
   1.28580000e+02 -6.06281407e-01  1.34024000e+02 -5.96733668e-01
   1.40862000e+02 -5.87185930e-01  1.47466000e+02 -5.77638191e-01
   1.53041000e+02 -5.68090452e-01  1.57781000e+02 -5.58542714e-01
   1.64736000e+02 -5.48994975e-01  1.73432000e+02 -5.39447236e-01
   1.83641000e+02 -5.29899497e-01  1.90363000e+02 -5.20351759e-01
   2.01922000e+02 -5.10804020e-01  2.15529000e+02 -5.01256281e-01
   2.25879000e+02 -4.91708543e-01  2.35458000e+02 -4.82160804e-01
   2.46795000e+02 -4.72613065e-01  2.60254000e+02 -4.63065327e-01
   2.73948000e+02 -4.53517588e-01  2.92458000e+02 -4.43969849e-01
   3.01055000e+02 -4.34422111e-01  3.10676000e+02 -4.24874372e-01
   3.27856000e+02 -4.15326633e-01  3.34863000e+02 -4.05778894e-01
   3.43528000e+02 -3.96231156e-01  3.56968000e+02 -3.86683417e-01
   3.74173000e+02 -3.77135678e-01  3.91409000e+02 -3.67587940e-01
   3.97125000e+02 -3.58040201e-01  4.09183000e+02 -3.48492462e-01
   4.19476000e+02 -3.38944724e-01  4.30404000e+02 -3.29396985e-01
   4.41386000e+02 -3.19849246e-01  4.53628000e+02 -3.10301508e-01
   4.69591000e+02 -3.00753769e-01  4.82725726e+02 -2.91206030e-01
   4.94023023e+02 -2.81658291e-01  5.04809619e+02 -2.72110553e-01
   5.31458918e+02 -2.62562814e-01  5.46800601e+02 -2.53015075e-01
   5.61406814e+02 -2.43467337e-01  5.69040080e+02 -2.33919598e-01
   5.85524048e+02 -2.24371859e-01  5.92423848e+02 -2.14824121e-01
   6.03565130e+02 -2.05276382e-01  6.17953908e+02 -1.95728643e-01
   6.29318637e+02 -1.86180905e-01  6.46125251e+02 -1.76633166e-01
   6.46855711e+02 -1.67085427e-01  6.62209419e+02 -1.57537688e-01
   6.69524048e+02 -1.47989950e-01  6.74217435e+02 -1.38442211e-01
   6.83299599e+02 -1.28894472e-01  6.88957916e+02 -1.19346734e-01
   6.97043129e+02 -1.09798995e-01  7.01414830e+02 -1.00251256e-01
   7.05694082e+02 -9.07035176e-02  7.10406219e+02 -8.11557789e-02
   7.10063380e+02 -7.16080402e-02  7.14571573e+02 -6.20603015e-02
   7.20294058e+02 -5.25125628e-02  7.23621349e+02 -4.29648241e-02
   7.30759315e+02 -3.34170854e-02  7.24575025e+02 -2.38693467e-02
   7.27163819e+02 -1.43216080e-02  7.34056281e+02 -4.77386935e-03]
 [ 7.34779116e+02  4.77386935e-03  7.34342369e+02  1.43216080e-02
   7.23240201e+02  2.38693467e-02  7.20425703e+02  3.34170854e-02
   7.19952811e+02  4.29648241e-02  7.19854418e+02  5.25125628e-02
   7.13973922e+02  6.20603015e-02  7.09485456e+02  7.16080402e-02
   7.02714142e+02  8.11557789e-02  6.92419840e+02  9.07035176e-02
   6.87603206e+02  1.00251256e-01  6.90355711e+02  1.09798995e-01
   6.84080160e+02  1.19346734e-01  6.75918919e+02  1.28894472e-01
   6.58076076e+02  1.38442211e-01  6.50114114e+02  1.47989950e-01
   6.41450450e+02  1.57537688e-01  6.35760761e+02  1.67085427e-01
   6.20661662e+02  1.76633166e-01  6.13627628e+02  1.86180905e-01
   6.04312312e+02  1.95728643e-01  5.93558559e+02  2.05276382e-01
   5.84473473e+02  2.14824121e-01  5.77271271e+02  2.24371859e-01
   5.70306000e+02  2.33919598e-01  5.55162000e+02  2.43467337e-01
   5.41074000e+02  2.53015075e-01  5.29572000e+02  2.62562814e-01
   5.20108000e+02  2.72110553e-01  5.09075000e+02  2.81658291e-01
   4.96529000e+02  2.91206030e-01  4.86872000e+02  3.00753769e-01
   4.71415000e+02  3.10301508e-01  4.63533000e+02  3.19849246e-01
   4.46924000e+02  3.29396985e-01  4.33167000e+02  3.38944724e-01
   4.22189000e+02  3.48492462e-01  4.07455000e+02  3.58040201e-01
   3.98248000e+02  3.67587940e-01  3.87553000e+02  3.77135678e-01
   3.72519000e+02  3.86683417e-01  3.54114000e+02  3.96231156e-01
   3.45031000e+02  4.05778894e-01  3.27948000e+02  4.15326633e-01
   3.13923000e+02  4.24874372e-01  3.03775000e+02  4.34422111e-01
   2.95589000e+02  4.43969849e-01  2.84591000e+02  4.53517588e-01
   2.70457000e+02  4.63065327e-01  2.56306000e+02  4.72613065e-01
   2.44266000e+02  4.82160804e-01  2.38729000e+02  4.91708543e-01
   2.28902000e+02  5.01256281e-01  2.21571000e+02  5.10804020e-01
   2.11037000e+02  5.20351759e-01  1.97617000e+02  5.29899497e-01
   1.85782000e+02  5.39447236e-01  1.69326000e+02  5.48994975e-01
   1.63096000e+02  5.58542714e-01  1.56259000e+02  5.68090452e-01
   1.49371000e+02  5.77638191e-01  1.42683000e+02  5.87185930e-01
   1.37209000e+02  5.96733668e-01  1.30629000e+02  6.06281407e-01
   1.22202000e+02  6.15829146e-01  1.14651000e+02  6.25376884e-01
   1.07620000e+02  6.34924623e-01  1.01643000e+02  6.44472362e-01
   9.62560000e+01  6.54020101e-01  9.26880000e+01  6.63567839e-01
   8.77600000e+01  6.73115578e-01  8.36420000e+01  6.82663317e-01
   7.87470000e+01  6.92211055e-01  7.60170000e+01  7.01758794e-01
   7.12100000e+01  7.11306533e-01  6.69460000e+01  7.20854271e-01
   6.30250000e+01  7.30402010e-01  5.88740000e+01  7.39949749e-01
   5.64230000e+01  7.49497487e-01  5.25880000e+01  7.59045226e-01
   4.85850000e+01  7.68592965e-01  4.46460000e+01  7.78140704e-01
   4.18640000e+01  7.87688442e-01  3.88620000e+01  7.97236181e-01
   3.64470000e+01  8.06783920e-01  3.36750000e+01  8.16331658e-01
   3.18740000e+01  8.25879397e-01  2.93150000e+01  8.35427136e-01
   2.69050000e+01  8.44974874e-01  2.44590000e+01  8.54522613e-01
   2.27470000e+01  8.64070352e-01  2.16310000e+01  8.73618090e-01
   1.92620000e+01  8.83165829e-01  1.84990000e+01  8.92713568e-01
   1.73120000e+01  9.02261307e-01  1.64520000e+01  9.11809045e-01
   1.58550000e+01  9.21356784e-01  1.50050000e+01  9.30904523e-01
   1.42160000e+01  9.40452261e-01  1.38560000e+01  9.50000000e-01]]
